<?xml version="1.0" encoding="UTF-8"?>
<testsuite name="com.example.project.TestTriangle" tests="3" skipped="0" failures="0" errors="0" timestamp="2025-01-08T16:30:46" hostname="codespaces-1b2d26" time="0.055">
  <properties/>
  <testcase name="testConstructorAndGetVertices()" classname="com.example.project.TestTriangle" time="0.001"/>
  <testcase name="testTriangleInfo()" classname="com.example.project.TestTriangle" time="0.04"/>
  <testcase name="testPerimeter()" classname="com.example.project.TestTriangle" time="0.003"/>
  <system-out><![CDATA[]]></system-out>
  <system-err><![CDATA[]]></system-err>
</testsuite>
